# JRE version: OpenJDK Runtime Environment (16.0.2+7) (build 16.0.2+7-67)
# Java VM: OpenJDK 64-Bit Server VM (16.0.2+7-67, mixed mode, tiered, compressed oops, compressed class ptrs, g1 gc, windows-amd64)
GC Precious Log:
 CPUs: 4 total, 4 available
 Memory: 12173M
 Large Page Support: Disabled
 NUMA Support: Disabled
 Compressed Oops: Enabled (Zero based)
 Heap Region Size: 2M
 Heap Min Capacity: 8M
 Heap Initial Capacity: 192M
 Heap Max Capacity: 3044M
 Pre-touch: Disabled
 Parallel Workers: 4
 Concurrent Workers: 1
 Concurrent Refinement Workers: 4
 Periodic GC: Disabled
Heap:
 garbage-first heap   total 34816K, used 14265K [0x0000000741c00000, 0x0000000800000000)
  region size 2048K, 7 young (14336K), 1 survivors (2048K)
 Metaspace       used 27181K, committed 27392K, reserved 1081344K
  class space    used 2627K, committed 2752K, reserved 1048576K
GC Heap History (12 events):
Event: 0.716 GC heap before
{Heap before GC invocations=0 (full 0):
 garbage-first heap   total 196608K, used 12288K [0x0000000741c00000, 0x0000000800000000)
  region size 2048K, 6 young (12288K), 0 survivors (0K)
 Metaspace       used 10705K, committed 10816K, reserved 1064960K
  class space    used 932K, committed 1024K, reserved 1048576K
}
Event: 0.726 GC heap after
{Heap after GC invocations=1 (full 0):
 garbage-first heap   total 196608K, used 2285K [0x0000000741c00000, 0x0000000800000000)
  region size 2048K, 1 young (2048K), 1 survivors (2048K)
 Metaspace       used 10705K, committed 10816K, reserved 1064960K
  class space    used 932K, committed 1024K, reserved 1048576K
}
Event: 1.163 GC heap before
{Heap before GC invocations=1 (full 0):
 garbage-first heap   total 196608K, used 16621K [0x0000000741c00000, 0x0000000800000000)
  region size 2048K, 8 young (16384K), 1 survivors (2048K)
 Metaspace       used 13975K, committed 14144K, reserved 1064960K
  class space    used 1264K, committed 1344K, reserved 1048576K
}
Event: 1.168 GC heap after
{Heap after GC invocations=2 (full 0):
 garbage-first heap   total 196608K, used 3827K [0x0000000741c00000, 0x0000000800000000)
  region size 2048K, 1 young (2048K), 1 survivors (2048K)
 Metaspace       used 13975K, committed 14144K, reserved 1064960K
  class space    used 1264K, committed 1344K, reserved 1048576K
}
Event: 2.083 GC heap before
{Heap before GC invocations=2 (full 0):
 garbage-first heap   total 196608K, used 40691K [0x0000000741c00000, 0x0000000800000000)
  region size 2048K, 21 young (43008K), 1 survivors (2048K)
 Metaspace       used 21056K, committed 21248K, reserved 1073152K
  class space    used 1978K, committed 2112K, reserved 1048576K
}
Event: 2.088 GC heap after
{Heap after GC invocations=3 (full 0):
 garbage-first heap   total 196608K, used 4943K [0x0000000741c00000, 0x0000000800000000)
  region size 2048K, 2 young (4096K), 2 survivors (4096K)
 Metaspace       used 21056K, committed 21248K, reserved 1073152K
  class space    used 1978K, committed 2112K, reserved 1048576K
}
Event: 2.409 GC heap before
{Heap before GC invocations=4 (full 0):
 garbage-first heap   total 34816K, used 27471K [0x0000000741c00000, 0x0000000800000000)
  region size 2048K, 13 young (26624K), 2 survivors (4096K)
 Metaspace       used 23413K, committed 23616K, reserved 1073152K
  class space    used 2241K, committed 2304K, reserved 1048576K
}
Event: 2.413 GC heap after
{Heap after GC invocations=5 (full 0):
 garbage-first heap   total 34816K, used 5615K [0x0000000741c00000, 0x0000000800000000)
  region size 2048K, 1 young (2048K), 1 survivors (2048K)
 Metaspace       used 23413K, committed 23616K, reserved 1073152K
  class space    used 2241K, committed 2304K, reserved 1048576K
}
Event: 2.464 GC heap before
{Heap before GC invocations=5 (full 0):
 garbage-first heap   total 34816K, used 7663K [0x0000000741c00000, 0x0000000800000000)
  region size 2048K, 2 young (4096K), 1 survivors (2048K)
 Metaspace       used 23791K, committed 24064K, reserved 1073152K
  class space    used 2283K, committed 2432K, reserved 1048576K
}
Event: 2.466 GC heap after
{Heap after GC invocations=6 (full 0):
 garbage-first heap   total 34816K, used 5703K [0x0000000741c00000, 0x0000000800000000)
  region size 2048K, 1 young (2048K), 1 survivors (2048K)
 Metaspace       used 23791K, committed 24064K, reserved 1073152K
  class space    used 2283K, committed 2432K, reserved 1048576K
}
Event: 3.088 GC heap before
{Heap before GC invocations=6 (full 0):
 garbage-first heap   total 34816K, used 22087K [0x0000000741c00000, 0x0000000800000000)
  region size 2048K, 9 young (18432K), 1 survivors (2048K)
 Metaspace       used 25229K, committed 25472K, reserved 1073152K
  class space    used 2453K, committed 2560K, reserved 1048576K
}
Event: 3.092 GC heap after
{Heap after GC invocations=7 (full 0):
 garbage-first heap   total 34816K, used 6073K [0x0000000741c00000, 0x0000000800000000)
  region size 2048K, 1 young (2048K), 1 survivors (2048K)
 Metaspace       used 25229K, committed 25472K, reserved 1073152K
  class space    used 2453K, committed 2560K, reserved 1048576K
}

